  Game.cpp
F:\Abdyli\TextAdventure\TextAdventure\CommandsLibrary.h(3,41): error C2065: 'Action': identificatore non dichiarato
  (compilazione del file di origine 'Game.cpp')
  
F:\Abdyli\TextAdventure\TextAdventure\CommandsLibrary.h(3,24): error C2923: 'std::map': 'Action' non è un argomento di tipo modello valido per il parametro '_Ty'
  (compilazione del file di origine 'Game.cpp')
  F:\Abdyli\TextAdventure\TextAdventure\CommandsLibrary.h(3,41):
  vedere la dichiarazione di 'Action'
  
F:\Abdyli\TextAdventure\TextAdventure\CommandsLibrary.h(3,24): error C2976: 'std::map': argomenti modello insufficienti
  (compilazione del file di origine 'Game.cpp')
  C:\Program Files\Microsoft Visual Studio\2022\Community\VC\Tools\MSVC\14.38.33130\include\map(72,1):
  vedere la dichiarazione di 'std::map'
  
F:\Abdyli\TextAdventure\TextAdventure\CommandsLibrary.h(11,39): error C2955: 'std::map': l'utilizzo di classe modello richiede un elenco di argomenti di modello
  (compilazione del file di origine 'Game.cpp')
  C:\Program Files\Microsoft Visual Studio\2022\Community\VC\Tools\MSVC\14.38.33130\include\map(72,1):
  vedere la dichiarazione di 'std::map'
  
F:\Abdyli\TextAdventure\TextAdventure\CommandsLibrary.h(28,21): error C2039: 'find': non è un membro di 'std::map'
  (compilazione del file di origine 'Game.cpp')
  C:\Program Files\Microsoft Visual Studio\2022\Community\VC\Tools\MSVC\14.38.33130\include\map(72,1):
  vedere la dichiarazione di 'std::map'
  
F:\Abdyli\TextAdventure\TextAdventure\CommandsLibrary.h(28,47): error C2039: 'end': non è un membro di 'std::map'
  (compilazione del file di origine 'Game.cpp')
  C:\Program Files\Microsoft Visual Studio\2022\Community\VC\Tools\MSVC\14.38.33130\include\map(72,1):
  vedere la dichiarazione di 'std::map'
  
F:\Abdyli\TextAdventure\TextAdventure\CommandsLibrary.h(29,20): error C2663: 'std::map<_Kty,_Ty,_Pr,_Alloc>::at': nessuna funzione di overload ha una conversione valida per il puntatore 'this'
  (compilazione del file di origine 'Game.cpp')
  C:\Program Files\Microsoft Visual Studio\2022\Community\VC\Tools\MSVC\14.38.33130\include\map(358,35):
  potrebbe essere 'const _Ty &std::map<_Kty,_Ty,_Pr,_Alloc>::at(const _Kty &) const'
  	F:\Abdyli\TextAdventure\TextAdventure\CommandsLibrary.h(29,20):
  	'const _Ty &std::map<_Kty,_Ty,_Pr,_Alloc>::at(const _Kty &) const': impossibile convertire il puntatore 'this' da 'const ActionMap' a 'const std::map<_Kty,_Ty,_Pr,_Alloc> &'
  		F:\Abdyli\TextAdventure\TextAdventure\CommandsLibrary.h(29,13):
  		Motivo: impossibile convertire da 'const ActionMap' a 'const std::map<_Kty,_Ty,_Pr,_Alloc>'
  		F:\Abdyli\TextAdventure\TextAdventure\CommandsLibrary.h(29,13):
  		La conversione richiede un secondo operatore di conversione definito dall'utente o un costruttore
  C:\Program Files\Microsoft Visual Studio\2022\Community\VC\Tools\MSVC\14.38.33130\include\map(349,29):
  o '_Ty &std::map<_Kty,_Ty,_Pr,_Alloc>::at(const _Kty &)'
  	F:\Abdyli\TextAdventure\TextAdventure\CommandsLibrary.h(29,20):
  	'_Ty &std::map<_Kty,_Ty,_Pr,_Alloc>::at(const _Kty &)': impossibile convertire il puntatore 'this' da 'const ActionMap' a 'std::map<_Kty,_Ty,_Pr,_Alloc> &'
  		F:\Abdyli\TextAdventure\TextAdventure\CommandsLibrary.h(29,13):
  		Motivo: impossibile convertire da 'const ActionMap' a 'std::map<_Kty,_Ty,_Pr,_Alloc>'
  		F:\Abdyli\TextAdventure\TextAdventure\CommandsLibrary.h(29,13):
  		La conversione richiede un secondo operatore di conversione definito dall'utente o un costruttore
  F:\Abdyli\TextAdventure\TextAdventure\CommandsLibrary.h(29,20):
  durante la ricerca di corrispondenza con l'elenco di argomenti '(std::string)'
  
F:\Abdyli\TextAdventure\TextAdventure\CommandsLibrary.h(40,11): error C2955: 'std::map': l'utilizzo di classe modello richiede un elenco di argomenti di modello
  (compilazione del file di origine 'Game.cpp')
  C:\Program Files\Microsoft Visual Studio\2022\Community\VC\Tools\MSVC\14.38.33130\include\map(72,1):
  vedere la dichiarazione di 'std::map'
  
F:\Abdyli\TextAdventure\TextAdventure\CommandsLibrary.h(40,11): error C2079: 'SettingCommands' utilizza class 'std::map' non definito
  (compilazione del file di origine 'Game.cpp')
  
F:\Abdyli\TextAdventure\TextAdventure\CommandsLibrary.h(42,15): error C2641: non è possibile dedurre gli argomenti del modello per 'std::map'
  (compilazione del file di origine 'Game.cpp')
  
F:\Abdyli\TextAdventure\TextAdventure\CommandsLibrary.h(42,15): error C2783: 'std::map<_Kty,_Ty,_Pr,_Alloc> std::map(void)': impossibile dedurre l'argomento modello per '_Kty'
  (compilazione del file di origine 'Game.cpp')
  C:\Program Files\Microsoft Visual Studio\2022\Community\VC\Tools\MSVC\14.38.33130\include\map(106,5):
  vedere la dichiarazione di 'std::map'
  
F:\Abdyli\TextAdventure\TextAdventure\CommandsLibrary.h(42,15): error C2783: 'std::map<_Kty,_Ty,_Pr,_Alloc> std::map(void)': impossibile dedurre l'argomento modello per '_Ty'
  (compilazione del file di origine 'Game.cpp')
  C:\Program Files\Microsoft Visual Studio\2022\Community\VC\Tools\MSVC\14.38.33130\include\map(106,5):
  vedere la dichiarazione di 'std::map'
  
F:\Abdyli\TextAdventure\TextAdventure\CommandsLibrary.h(42,15): error C2780: 'std::map<_Kty,_Ty,_Pr,_Alloc> std::map(std::map<_Kty,_Ty,_Pr,_Alloc>)': sono previsti 1 argomenti - 0 specificati
  (compilazione del file di origine 'Game.cpp')
  C:\Program Files\Microsoft Visual Studio\2022\Community\VC\Tools\MSVC\14.38.33130\include\map(72,1):
  vedere la dichiarazione di 'std::map'
  
F:\Abdyli\TextAdventure\TextAdventure\CommandsLibrary.h(43,5): error C2678: '[' binario: non è stato trovato alcun operatore che accetti un operando sinistro di tipo 'ActionMap'. È anche possibile che non vi siano conversioni accettabili.
  (compilazione del file di origine 'Game.cpp')
  C:\Program Files\Microsoft Visual Studio\2022\Community\VC\Tools\MSVC\14.38.33130\include\map(345,18):
  potrebbe essere '_Ty &std::map<_Kty,_Ty,_Pr,_Alloc>::operator [](const _Kty &)'
  C:\Program Files\Microsoft Visual Studio\2022\Community\VC\Tools\MSVC\14.38.33130\include\map(174,18):
  o '_Ty &std::map<_Kty,_Ty,_Pr,_Alloc>::operator [](_Kty &&)'
  F:\Abdyli\TextAdventure\TextAdventure\CommandsLibrary.h(43,5):
  durante la ricerca di corrispondenza con l'elenco di argomenti '(ActionMap, const char [9])'
  
F:\Abdyli\TextAdventure\TextAdventure\CommandsLibrary.h(49,5): error C2440: 'return': impossibile convertire da 'ActionMap' a 'std::map'
  (compilazione del file di origine 'Game.cpp')
  F:\Abdyli\TextAdventure\TextAdventure\CommandsLibrary.h(49,5):
  Non è possibile copiare il costrutto class 'std::map' a causa di costruttori di copia ambigui o non disponibili
  
F:\Abdyli\TextAdventure\TextAdventure\Game.cpp(22,25): error C2641: non è possibile dedurre gli argomenti del modello per 'std::map'
F:\Abdyli\TextAdventure\TextAdventure\Game.cpp(22,25): error C2780: 'std::map<remove_const<iterator_traits<_Iter>::value_type::first_type>::type,iterator_traits<_Iter>::value_type::second_type,_Pr,_Alloc> std::map(_Iter,_Iter,_Pr,_Alloc)': sono previsti 4 argomenti - 1 specificati
  C:\Program Files\Microsoft Visual Studio\2022\Community\VC\Tools\MSVC\14.38.33130\include\map(374,1):
  vedere la dichiarazione di 'std::map'
  
F:\Abdyli\TextAdventure\TextAdventure\Game.cpp(22,25): error C2784: 'std::map<_Kty,_Ty,_Pr,_Alloc> std::map(std::initializer_list<std::pair<_Ty1,_Ty2>>,_Pr,_Alloc)': impossibile dedurre l'argomento modello per 'std::initializer_list<std::pair<_Ty1,_Ty2>>' da 'ActionMap'
  C:\Program Files\Microsoft Visual Studio\2022\Community\VC\Tools\MSVC\14.38.33130\include\map(378,1):
  vedere la dichiarazione di 'std::map'
  
F:\Abdyli\TextAdventure\TextAdventure\Game.cpp(22,25): error C2780: 'std::map<remove_const<iterator_traits<_Iter>::value_type::first_type>::type,iterator_traits<_Iter>::value_type::second_type,std::less<remove_const<iterator_traits<_Iter>::value_type::first_type>::type>,_Alloc> std::map(_Iter,_Iter,_Alloc)': sono previsti 3 argomenti - 1 specificati
  C:\Program Files\Microsoft Visual Studio\2022\Community\VC\Tools\MSVC\14.38.33130\include\map(381,1):
  vedere la dichiarazione di 'std::map'
  
F:\Abdyli\TextAdventure\TextAdventure\Game.cpp(22,25): error C2780: 'std::map<_Kty,_Ty,std::less<_Ty>,_Alloc> std::map(std::initializer_list<std::pair<_Ty1,_Ty2>>,_Alloc)': sono previsti 2 argomenti - 1 specificati
  C:\Program Files\Microsoft Visual Studio\2022\Community\VC\Tools\MSVC\14.38.33130\include\map(384,1):
  vedere la dichiarazione di 'std::map'
  
F:\Abdyli\TextAdventure\TextAdventure\Game.cpp(22,25): error C2780: 'std::map<_Kty,_Ty,_Pr,_Alloc> std::map(std::initializer_list<std::pair<const _Kty,_Ty>>,const _Pr &,const _Tree<std::_Tmap_traits<_Kty,_Ty,_Pr,_Alloc,false>>::allocator_type &)': sono previsti 3 argomenti - 1 specificati
  C:\Program Files\Microsoft Visual Studio\2022\Community\VC\Tools\MSVC\14.38.33130\include\map(334,5):
  vedere la dichiarazione di 'std::map'
  
F:\Abdyli\TextAdventure\TextAdventure\Game.cpp(22,25): error C2780: 'std::map<_Kty,_Ty,_Pr,_Alloc> std::map(std::initializer_list<std::pair<const _Kty,_Ty>>,const _Tree<std::_Tmap_traits<_Kty,_Ty,_Pr,_Alloc,false>>::allocator_type &)': sono previsti 2 argomenti - 1 specificati
  C:\Program Files\Microsoft Visual Studio\2022\Community\VC\Tools\MSVC\14.38.33130\include\map(330,5):
  vedere la dichiarazione di 'std::map'
  
F:\Abdyli\TextAdventure\TextAdventure\Game.cpp(22,25): error C2780: 'std::map<_Kty,_Ty,_Pr,_Alloc> std::map(std::initializer_list<std::pair<const _Kty,_Ty>>,const _Pr &)': sono previsti 2 argomenti - 1 specificati
  C:\Program Files\Microsoft Visual Studio\2022\Community\VC\Tools\MSVC\14.38.33130\include\map(326,5):
  vedere la dichiarazione di 'std::map'
  
F:\Abdyli\TextAdventure\TextAdventure\Game.cpp(22,25): error C2784: 'std::map<_Kty,_Ty,_Pr,_Alloc> std::map(std::initializer_list<std::pair<const _Kty,_Ty>>)': impossibile dedurre l'argomento modello per 'std::initializer_list<std::pair<const _Kty,_Ty>>' da 'ActionMap'
  C:\Program Files\Microsoft Visual Studio\2022\Community\VC\Tools\MSVC\14.38.33130\include\map(322,5):
  vedere la dichiarazione di 'std::map'
  
F:\Abdyli\TextAdventure\TextAdventure\Game.cpp(22,25): error C2780: 'std::map<_Kty,_Ty,_Pr,_Alloc> std::map(std::map<_Kty,_Ty,_Pr,_Alloc> &&,const _Tree<std::_Tmap_traits<_Kty,_Ty,_Pr,_Alloc,false>>::allocator_type &)': sono previsti 2 argomenti - 1 specificati
  C:\Program Files\Microsoft Visual Studio\2022\Community\VC\Tools\MSVC\14.38.33130\include\map(167,5):
  vedere la dichiarazione di 'std::map'
  
F:\Abdyli\TextAdventure\TextAdventure\Game.cpp(22,25): error C2784: 'std::map<_Kty,_Ty,_Pr,_Alloc> std::map(std::map<_Kty,_Ty,_Pr,_Alloc> &&)': impossibile dedurre l'argomento modello per 'std::map<_Kty,_Ty,_Pr,_Alloc> &&' da 'ActionMap'
  C:\Program Files\Microsoft Visual Studio\2022\Community\VC\Tools\MSVC\14.38.33130\include\map(165,5):
  vedere la dichiarazione di 'std::map'
  
F:\Abdyli\TextAdventure\TextAdventure\Game.cpp(22,25): error C2780: 'std::map<_Kty,_Ty,_Pr,_Alloc> std::map(_Iter,_Iter,const _Pr &,const _Tree<std::_Tmap_traits<_Kty,_Ty,_Pr,_Alloc,false>>::allocator_type &)': sono previsti 4 argomenti - 1 specificati
  C:\Program Files\Microsoft Visual Studio\2022\Community\VC\Tools\MSVC\14.38.33130\include\map(134,5):
  vedere la dichiarazione di 'std::map'
  
F:\Abdyli\TextAdventure\TextAdventure\Game.cpp(22,25): error C2780: 'std::map<_Kty,_Ty,_Pr,_Alloc> std::map(_Iter,_Iter,const _Tree<std::_Tmap_traits<_Kty,_Ty,_Pr,_Alloc,false>>::allocator_type &)': sono previsti 3 argomenti - 1 specificati
  C:\Program Files\Microsoft Visual Studio\2022\Community\VC\Tools\MSVC\14.38.33130\include\map(129,5):
  vedere la dichiarazione di 'std::map'
  
F:\Abdyli\TextAdventure\TextAdventure\Game.cpp(22,25): error C2780: 'std::map<_Kty,_Ty,_Pr,_Alloc> std::map(_Iter,_Iter,const _Pr &)': sono previsti 3 argomenti - 1 specificati
  C:\Program Files\Microsoft Visual Studio\2022\Community\VC\Tools\MSVC\14.38.33130\include\map(124,5):
  vedere la dichiarazione di 'std::map'
  
F:\Abdyli\TextAdventure\TextAdventure\Game.cpp(22,25): error C2780: 'std::map<_Kty,_Ty,_Pr,_Alloc> std::map(_Iter,_Iter)': sono previsti 2 argomenti - 1 specificati
  C:\Program Files\Microsoft Visual Studio\2022\Community\VC\Tools\MSVC\14.38.33130\include\map(119,5):
  vedere la dichiarazione di 'std::map'
  
F:\Abdyli\TextAdventure\TextAdventure\Game.cpp(22,25): error C2780: 'std::map<_Kty,_Ty,_Pr,_Alloc> std::map(const _Pr &,const _Tree<std::_Tmap_traits<_Kty,_Ty,_Pr,_Alloc,false>>::allocator_type &)': sono previsti 2 argomenti - 1 specificati
  C:\Program Files\Microsoft Visual Studio\2022\Community\VC\Tools\MSVC\14.38.33130\include\map(116,5):
  vedere la dichiarazione di 'std::map'
  
F:\Abdyli\TextAdventure\TextAdventure\Game.cpp(22,25): error C2780: 'std::map<_Kty,_Ty,_Pr,_Alloc> std::map(const std::map<_Kty,_Ty,_Pr,_Alloc> &,const _Tree<std::_Tmap_traits<_Kty,_Ty,_Pr,_Alloc,false>>::allocator_type &)': sono previsti 2 argomenti - 1 specificati
  C:\Program Files\Microsoft Visual Studio\2022\Community\VC\Tools\MSVC\14.38.33130\include\map(112,5):
  vedere la dichiarazione di 'std::map'
  
F:\Abdyli\TextAdventure\TextAdventure\Game.cpp(22,25): error C2784: 'std::map<_Kty,_Ty,_Pr,_Alloc> std::map(const std::map<_Kty,_Ty,_Pr,_Alloc> &)': impossibile dedurre l'argomento modello per 'const std::map<_Kty,_Ty,_Pr,_Alloc> &' da 'ActionMap'
  C:\Program Files\Microsoft Visual Studio\2022\Community\VC\Tools\MSVC\14.38.33130\include\map(110,5):
  vedere la dichiarazione di 'std::map'
  
F:\Abdyli\TextAdventure\TextAdventure\Game.cpp(22,25): error C2780: 'std::map<_Kty,_Ty,_Pr,_Alloc> std::map(void)': sono previsti 0 argomenti - 1 specificati
  C:\Program Files\Microsoft Visual Studio\2022\Community\VC\Tools\MSVC\14.38.33130\include\map(106,5):
  vedere la dichiarazione di 'std::map'
  
F:\Abdyli\TextAdventure\TextAdventure\Game.cpp(22,25): error C2784: 'std::map<_Kty,_Ty,_Pr,_Alloc> std::map(std::map<_Kty,_Ty,_Pr,_Alloc>)': impossibile dedurre l'argomento modello per 'std::map<_Kty,_Ty,_Pr,_Alloc>' da 'ActionMap'
  C:\Program Files\Microsoft Visual Studio\2022\Community\VC\Tools\MSVC\14.38.33130\include\map(72,1):
  vedere la dichiarazione di 'std::map'
  
  TextAdventure.cpp
  Generazione del codice in corso...
